<2022-08-07 18:00:44,033> :SOEServer: [INFO] Initializing server...
<2022-08-07 18:00:44,041> :SOEConnectionManager: [INFO] Service constructed
<2022-08-07 18:00:44,042> :SOEProtocol: [INFO] Service constructed
<2022-08-07 18:00:44,045> :SOEProtocol: [INFO] Using protocol -- CGAPI_527
<2022-08-07 18:00:44,046> :SOERoleManager: [INFO] Service constructed
<2022-08-07 18:00:44,048> :SOERoleManager: [INFO] Loading role: 'Gateway.dll'...
<2022-08-07 18:00:44,055> :Gateway: [INFO] Constructing gateway...
<2022-08-07 18:00:44,056> :LoginManager: [INFO] Service constructed
<2022-08-07 18:00:44,056> :Gateway: [INFO] Finished constructing gateway!
<2022-08-07 18:00:44,155> :SOEServer: [INFO] Finished initiating server!
<2022-08-07 18:00:44,157> :SOEServer: [INFO] Starting server threads...
<2022-08-07 18:00:44,162> :SOEServer: [INFO] Started listening!
<2022-08-07 18:01:40,804> :SOEConnectionManager: [INFO] New client connection from 127.0.0.1, (ID: 0)
<2022-08-07 18:01:40,863> :SOEProtocol: [INFO] Received 0x1, FR_PacketLogin!
<2022-08-07 18:01:41,000> :SOEDataChannel: [INFO] (Client 0) Data Ack
<2022-08-07 18:01:41,109> :SOEDataChannel: [INFO] (Client 0) Data Ack
<2022-08-07 18:01:41,218> :SOEDataChannel: [INFO] (Client 0) Data Ack
<2022-08-07 18:01:41,327> :SOEDataChannel: [INFO] (Client 0) Data Ack
<2022-08-07 18:01:41,436> :SOEDataChannel: [INFO] (Client 0) Data Ack
<2022-08-07 18:01:41,576> :SOEDataChannel: [INFO] (Client 0) Data Ack
<2022-08-07 18:01:41,592> :SOEDataChannel: [INFO] (Client 0) Data Ack
<2022-08-07 18:01:41,607> :SOEDataChannel: [INFO] (Client 0) Data Ack
<2022-08-07 18:01:41,623> :SOEDataChannel: [INFO] (Client 0) Data Ack
<2022-08-07 18:01:41,638> :SOEDataChannel: [INFO] (Client 0) Data Ack
<2022-08-07 18:01:41,638> :SOEDataChannel: [INFO] (Client 0) Data Ack
<2022-08-07 18:01:41,669> :SOEDataChannel: [INFO] (Client 0) Data Ack
<2022-08-07 18:01:41,685> :SOEDataChannel: [INFO] (Client 0) Data Ack
<2022-08-07 18:01:41,701> :SOEDataChannel: [INFO] (Client 0) Data Ack
<2022-08-07 18:01:41,716> :SOEDataChannel: [INFO] (Client 0) Data Ack
<2022-08-07 18:01:41,731> :SOEDataChannel: [INFO] (Client 0) Data Ack
<2022-08-07 18:01:41,838> :SOEDataChannel: [INFO] (Client 0) Data Ack
<2022-08-07 18:01:41,961> :SOEDataChannel: [INFO] (Client 0) Data Ack
<2022-08-07 18:01:41,976> :SOEDataChannel: [INFO] (Client 0) Data Ack
<2022-08-07 18:01:42,007> :SOEDataChannel: [INFO] (Client 0) Data Ack
<2022-08-07 18:01:42,023> :SOEDataChannel: [INFO] (Client 0) Data Ack
<2022-08-07 18:01:42,023> :SOEDataChannel: [INFO] (Client 0) Data Ack
<2022-08-07 18:01:42,039> :SOEDataChannel: [INFO] (Client 0) Data Ack
<2022-08-07 18:01:42,070> :SOEDataChannel: [INFO] (Client 0) Data Ack
<2022-08-07 18:01:42,070> :SOEDataChannel: [INFO] (Client 0) Data Ack
<2022-08-07 18:01:42,101> :SOEProtocol: [INFO] Received Unknown SOEMessage 6400!
<2022-08-07 18:01:42,115> :SOEDataChannel: [INFO] (Client 0) Data Ack
<2022-08-07 18:01:42,224> :SOEDataChannel: [INFO] (Client 0) Data Ack
<2022-08-07 18:01:42,333> :SOEDataChannel: [INFO] (Client 0) Data Ack
<2022-08-07 18:01:42,982> :SOEProtocol: [INFO] Received Unknown SOEMessage 6!
<2022-08-07 18:01:51,030> :SOEProtocol: [INFO] Received Unknown SOEMessage 5!
<2022-08-07 18:02:02,042> :SOEProtocol: [INFO] Received Unknown SOEMessage 5!
<2022-08-07 18:02:13,039> :SOEProtocol: [INFO] Received Unknown SOEMessage 5!
<2022-08-07 18:02:24,025> :SOEProtocol: [INFO] Received Unknown SOEMessage 5!
<2022-08-07 18:02:44,011> :SOEConnectionManager: [INFO] Disconnecting Idle client
<2022-08-07 18:02:44,012> :SOEConnectionManager: [INFO] Disconnecting client on 127.0.0.1 (ID: 0) for reason: Timeout
