<2022-08-07 18:03:46,209> :SOEServer: [INFO] Initializing server...
<2022-08-07 18:03:46,218> :SOEConnectionManager: [INFO] Service constructed
<2022-08-07 18:03:46,219> :SOEProtocol: [INFO] Service constructed
<2022-08-07 18:03:46,223> :SOEProtocol: [INFO] Using protocol -- CGAPI_527
<2022-08-07 18:03:46,223> :SOERoleManager: [INFO] Service constructed
<2022-08-07 18:03:46,224> :SOERoleManager: [INFO] Loading role: 'Gateway.dll'...
<2022-08-07 18:03:46,232> :Gateway: [INFO] Constructing gateway...
<2022-08-07 18:03:46,232> :LoginManager: [INFO] Service constructed
<2022-08-07 18:03:46,232> :Gateway: [INFO] Finished constructing gateway!
<2022-08-07 18:03:46,330> :SOEServer: [INFO] Finished initiating server!
<2022-08-07 18:03:46,332> :SOEServer: [INFO] Starting server threads...
<2022-08-07 18:03:46,336> :SOEServer: [INFO] Started listening!
<2022-08-07 18:03:52,194> :SOEConnectionManager: [INFO] New client connection from 127.0.0.1, (ID: 0)
<2022-08-07 18:03:52,237> :SOEProtocol: [INFO] Received 0x1, FR_PacketLogin!
<2022-08-07 18:03:52,372> :SOEDataChannel: [INFO] (Client 0) Data Ack
<2022-08-07 18:03:52,480> :SOEDataChannel: [INFO] (Client 0) Data Ack
<2022-08-07 18:03:52,588> :SOEDataChannel: [INFO] (Client 0) Data Ack
<2022-08-07 18:03:52,698> :SOEDataChannel: [INFO] (Client 0) Data Ack
<2022-08-07 18:03:52,806> :SOEDataChannel: [INFO] (Client 0) Data Ack
<2022-08-07 18:03:52,945> :SOEDataChannel: [INFO] (Client 0) Data Ack
<2022-08-07 18:03:52,975> :SOEDataChannel: [INFO] (Client 0) Data Ack
<2022-08-07 18:03:52,990> :SOEDataChannel: [INFO] (Client 0) Data Ack
<2022-08-07 18:03:52,990> :SOEDataChannel: [INFO] (Client 0) Data Ack
<2022-08-07 18:03:53,022> :SOEDataChannel: [INFO] (Client 0) Data Ack
<2022-08-07 18:03:53,022> :SOEDataChannel: [INFO] (Client 0) Data Ack
<2022-08-07 18:03:53,037> :SOEDataChannel: [INFO] (Client 0) Data Ack
<2022-08-07 18:03:53,066> :SOEDataChannel: [INFO] (Client 0) Data Ack
<2022-08-07 18:03:53,066> :SOEDataChannel: [INFO] (Client 0) Data Ack
<2022-08-07 18:03:53,082> :SOEDataChannel: [INFO] (Client 0) Data Ack
<2022-08-07 18:03:53,114> :SOEDataChannel: [INFO] (Client 0) Data Ack
<2022-08-07 18:03:53,114> :SOEDataChannel: [INFO] (Client 0) Data Ack
<2022-08-07 18:03:53,224> :SOEDataChannel: [INFO] (Client 0) Data Ack
<2022-08-07 18:03:53,347> :SOEDataChannel: [INFO] (Client 0) Data Ack
<2022-08-07 18:03:53,363> :SOEDataChannel: [INFO] (Client 0) Data Ack
<2022-08-07 18:03:53,378> :SOEDataChannel: [INFO] (Client 0) Data Ack
<2022-08-07 18:03:53,378> :SOEDataChannel: [INFO] (Client 0) Data Ack
<2022-08-07 18:03:53,394> :SOEDataChannel: [INFO] (Client 0) Data Ack
<2022-08-07 18:03:53,424> :SOEDataChannel: [INFO] (Client 0) Data Ack
<2022-08-07 18:03:53,424> :SOEDataChannel: [INFO] (Client 0) Data Ack
<2022-08-07 18:03:53,441> :SOEDataChannel: [INFO] (Client 0) Data Ack
<2022-08-07 18:03:53,470> :SOEDataChannel: [INFO] (Client 0) Data Ack
<2022-08-07 18:03:53,486> :SOEProtocol: [INFO] Received Unknown SOEMessage 6400!
<2022-08-07 18:03:53,501> :SOEDataChannel: [INFO] (Client 0) Data Ack
<2022-08-07 18:03:53,608> :SOEDataChannel: [INFO] (Client 0) Data Ack
<2022-08-07 18:03:53,717> :SOEDataChannel: [INFO] (Client 0) Data Ack
<2022-08-07 18:03:54,348> :SOEProtocol: [INFO] Received Unknown SOEMessage 6!
