<2022-08-08 16:50:44,221> :SOEServer: [INFO] Initializing server...
<2022-08-08 16:50:44,229> :SOEConnectionManager: [INFO] Service constructed
<2022-08-08 16:50:44,231> :SOEProtocol: [INFO] Service constructed
<2022-08-08 16:50:44,235> :SOEProtocol: [INFO] Using protocol -- CGAPI_527
<2022-08-08 16:50:44,236> :SOERoleManager: [INFO] Service constructed
<2022-08-08 16:50:44,237> :SOERoleManager: [INFO] Loading role: 'Gateway.dll'...
<2022-08-08 16:50:44,249> :Gateway: [INFO] Constructing gateway...
<2022-08-08 16:50:44,250> :LoginManager: [INFO] Service constructed
<2022-08-08 16:50:44,250> :Gateway: [INFO] Finished constructing gateway!
<2022-08-08 16:50:44,344> :SOEServer: [INFO] Finished initiating server!
<2022-08-08 16:50:44,346> :SOEServer: [INFO] Starting server threads...
<2022-08-08 16:50:44,349> :SOEServer: [INFO] Started listening!
<2022-08-08 16:50:51,306> :SOEConnectionManager: [INFO] New client connection from 127.0.0.1, (ID: 0)
<2022-08-08 16:50:51,364> :SOEProtocol: [INFO] Received 0x1, FR_PacketLogin!
<2022-08-08 16:50:51,486> :SOEDataChannel: [INFO] (Client 0) Data Ack
<2022-08-08 16:50:51,594> :SOEDataChannel: [INFO] (Client 0) Data Ack
<2022-08-08 16:50:51,702> :SOEDataChannel: [INFO] (Client 0) Data Ack
<2022-08-08 16:50:51,811> :SOEDataChannel: [INFO] (Client 0) Data Ack
<2022-08-08 16:50:51,918> :SOEDataChannel: [INFO] (Client 0) Data Ack
<2022-08-08 16:50:52,044> :SOEDataChannel: [INFO] (Client 0) Data Ack
<2022-08-08 16:50:52,075> :SOEDataChannel: [INFO] (Client 0) Data Ack
<2022-08-08 16:50:52,075> :SOEDataChannel: [INFO] (Client 0) Data Ack
<2022-08-08 16:50:52,090> :SOEDataChannel: [INFO] (Client 0) Data Ack
<2022-08-08 16:50:52,120> :SOEDataChannel: [INFO] (Client 0) Data Ack
<2022-08-08 16:50:52,136> :SOEDataChannel: [INFO] (Client 0) Data Ack
<2022-08-08 16:50:52,136> :SOEDataChannel: [INFO] (Client 0) Data Ack
<2022-08-08 16:50:52,167> :SOEDataChannel: [INFO] (Client 0) Data Ack
<2022-08-08 16:50:52,182> :SOEDataChannel: [INFO] (Client 0) Data Ack
<2022-08-08 16:50:52,182> :SOEDataChannel: [INFO] (Client 0) Data Ack
<2022-08-08 16:50:52,212> :SOEDataChannel: [INFO] (Client 0) Data Ack
<2022-08-08 16:50:52,228> :SOEDataChannel: [INFO] (Client 0) Data Ack
<2022-08-08 16:50:52,228> :SOEDataChannel: [INFO] (Client 0) Data Ack
<2022-08-08 16:50:52,335> :SOEDataChannel: [INFO] (Client 0) Data Ack
<2022-08-08 16:50:52,443> :SOEDataChannel: [INFO] (Client 0) Data Ack
<2022-08-08 16:50:52,458> :SOEDataChannel: [INFO] (Client 0) Data Ack
<2022-08-08 16:50:52,489> :SOEDataChannel: [INFO] (Client 0) Data Ack
<2022-08-08 16:50:52,489> :SOEDataChannel: [INFO] (Client 0) Data Ack
<2022-08-08 16:50:52,520> :SOEDataChannel: [INFO] (Client 0) Data Ack
<2022-08-08 16:50:52,535> :SOEDataChannel: [INFO] (Client 0) Data Ack
<2022-08-08 16:50:52,535> :SOEDataChannel: [INFO] (Client 0) Data Ack
<2022-08-08 16:50:52,565> :SOEDataChannel: [INFO] (Client 0) Data Ack
<2022-08-08 16:50:52,565> :SOEDataChannel: [INFO] (Client 0) Data Ack
<2022-08-08 16:50:52,613> :SOEProtocol: [INFO] Received Unknown SOEMessage 6400!
<2022-08-08 16:50:52,613> :SOEDataChannel: [INFO] (Client 0) Data Ack
<2022-08-08 16:50:52,628> :SOEProtocol: [INFO] Received Unknown SOEMessage 6400!
<2022-08-08 16:50:52,721> :SOEDataChannel: [INFO] (Client 0) Data Ack
<2022-08-08 16:50:52,829> :SOEDataChannel: [INFO] (Client 0) Data Ack
<2022-08-08 16:50:57,298> :SOEProtocol: [INFO] Received Unknown SOEMessage 6!
<2022-08-08 16:51:02,045> :SOEProtocol: [INFO] Received Unknown SOEMessage 5!
<2022-08-08 16:51:13,043> :SOEProtocol: [INFO] Received Unknown SOEMessage 5!
<2022-08-08 16:51:24,060> :SOEProtocol: [INFO] Received Unknown SOEMessage 5!
<2022-08-08 16:51:35,057> :SOEProtocol: [INFO] Received Unknown SOEMessage 5!
<2022-08-08 16:51:40,260> :SOEConnectionManager: [INFO] Disconnecting client on 127.0.0.1 (ID: 0) for reason: Application
